2019-04-09T16:01:01.479Z - info: [12:01:01 AM] Reload for file change: C:\Users\acer\Desktop\MarkBindTest\_markbind\navigation\site-nav.md
2019-04-09T16:01:02.491Z - info: Rebuilding affected source files
2019-04-09T16:01:02.495Z - info: Rebuilding 1 pages
2019-04-09T16:01:02.649Z - info: Pages rebuilt
2019-04-09T16:01:02.652Z - info: Site data built
2019-04-09T16:01:04.379Z - info: [12:01:04 AM] Reload for file change: C:\Users\acer\Desktop\MarkBindTest\_markbind\navigation\site-nav.md
2019-04-09T16:01:05.381Z - info: Rebuilding affected source files
2019-04-09T16:01:05.382Z - info: Rebuilding 1 pages
2019-04-09T16:01:05.525Z - info: Pages rebuilt
2019-04-09T16:01:05.529Z - info: Site data built
2019-04-09T16:01:14.828Z - info: Website generation started at 12:01:14 AM
2019-04-09T16:01:14.883Z - info: Building assets...
2019-04-09T16:01:14.918Z - info: Assets built
2019-04-09T16:01:14.918Z - info: Generating pages...
2019-04-09T16:01:15.084Z - info: Pages built
2019-04-09T16:01:15.137Z - info: Website generation complete! Total build time: 0.342s
2019-04-09T16:01:15.138Z - info: Build success!
2019-04-09T16:01:15.139Z - info: Site data built
2019-04-09T16:01:18.657Z - info: Website generation started at 12:01:18 AM
2019-04-09T16:01:18.714Z - info: Building assets...
2019-04-09T16:01:18.747Z - info: Assets built
2019-04-09T16:01:18.747Z - info: Generating pages...
2019-04-09T16:01:18.918Z - info: Pages built
2019-04-09T16:01:18.975Z - info: Website generation complete! Total build time: 0.352s
2019-04-09T16:01:19.004Z - info: Serving "C:\Users\acer\Desktop\MarkBindTest\_site" at http://127.0.0.1:8080
2019-04-09T16:01:19.004Z - info: Press CTRL+C to stop ...
2019-04-09T16:01:19.015Z - info: Site data built
2019-04-09T16:05:19.509Z - info: [12:05:19 AM] Reload for file change: C:\Users\acer\Desktop\MarkBindTest\_markbind\navigation\site-nav.md
2019-04-09T16:05:20.517Z - info: Rebuilding affected source files
2019-04-09T16:05:20.520Z - info: Rebuilding 1 pages
2019-04-09T16:05:20.654Z - info: Pages rebuilt
2019-04-09T16:05:20.657Z - info: Site data built
2019-04-09T16:05:20.795Z - info: [12:05:20 AM] Reload for file change: C:\Users\acer\Desktop\MarkBindTest\_markbind\navigation\site-nav.md
2019-04-09T16:05:21.797Z - info: Rebuilding affected source files
2019-04-09T16:05:21.798Z - info: Rebuilding 1 pages
2019-04-09T16:05:21.910Z - info: Pages rebuilt
2019-04-09T16:05:21.913Z - info: Site data built
2019-04-09T16:05:27.390Z - info: [12:05:27 AM] Reload for file change: C:\Users\acer\Desktop\MarkBindTest\_markbind\navigation\site-nav.md
2019-04-09T16:05:28.392Z - info: Rebuilding affected source files
2019-04-09T16:05:28.393Z - info: Rebuilding 1 pages
2019-04-09T16:05:28.490Z - info: Pages rebuilt
2019-04-09T16:05:28.493Z - info: Site data built
2019-04-09T16:05:30.007Z - info: [12:05:30 AM] Reload for file change: C:\Users\acer\Desktop\MarkBindTest\_markbind\navigation\site-nav.md
2019-04-09T16:05:31.009Z - info: Rebuilding affected source files
2019-04-09T16:05:31.010Z - info: Rebuilding 1 pages
2019-04-09T16:05:31.115Z - info: Pages rebuilt
2019-04-09T16:05:31.119Z - info: Site data built
2019-04-09T16:07:07.749Z - info: [12:07:07 AM] Reload for file change: C:\Users\acer\Desktop\MarkBindTest\_markbind\headers\header.md
2019-04-09T16:07:08.751Z - info: Rebuilding affected source files
2019-04-09T16:07:08.752Z - info: Rebuilding 1 pages
2019-04-09T16:07:08.838Z - info: Pages rebuilt
2019-04-09T16:07:08.842Z - info: Site data built
2019-04-09T16:07:09.269Z - info: [12:07:09 AM] Reload for file change: C:\Users\acer\Desktop\MarkBindTest\_markbind\headers\header.md
2019-04-09T16:07:10.270Z - info: Rebuilding affected source files
2019-04-09T16:07:10.271Z - info: Rebuilding 1 pages
2019-04-09T16:07:10.358Z - info: Pages rebuilt
2019-04-09T16:07:10.363Z - info: Site data built
2019-04-09T16:07:10.469Z - info: [12:07:10 AM] Reload for file change: C:\Users\acer\Desktop\MarkBindTest\_markbind\headers\header.md
2019-04-09T16:07:11.471Z - info: Rebuilding affected source files
2019-04-09T16:07:11.472Z - info: Rebuilding 1 pages
2019-04-09T16:07:11.518Z - info: Pages rebuilt
2019-04-09T16:07:11.524Z - info: Site data built
2019-04-09T16:08:27.569Z - info: [12:08:27 AM] Reload for file change: C:\Users\acer\Desktop\MarkBindTest\index.md
2019-04-09T16:08:28.574Z - info: Rebuilding affected source files
2019-04-09T16:08:28.576Z - info: Rebuilding 1 pages
2019-04-09T16:08:28.677Z - info: Pages rebuilt
2019-04-09T16:08:28.681Z - info: Site data built
2019-04-09T16:08:30.122Z - info: [12:08:30 AM] Reload for file change: C:\Users\acer\Desktop\MarkBindTest\index.md
2019-04-09T16:08:31.123Z - info: Rebuilding affected source files
2019-04-09T16:08:31.124Z - info: Rebuilding 1 pages
2019-04-09T16:08:31.187Z - info: Pages rebuilt
2019-04-09T16:08:31.190Z - info: Site data built
2019-04-09T16:08:31.285Z - info: [12:08:31 AM] Reload for file change: C:\Users\acer\Desktop\MarkBindTest\index.md
2019-04-09T16:08:32.289Z - info: Rebuilding affected source files
2019-04-09T16:08:32.290Z - info: Rebuilding 1 pages
2019-04-09T16:08:32.373Z - info: Pages rebuilt
2019-04-09T16:08:32.376Z - info: Site data built
2019-04-09T16:15:14.039Z - info: [12:15:14 AM] Reload for file change: C:\Users\acer\Desktop\MarkBindTest\index.md
2019-04-09T16:15:15.041Z - info: Rebuilding affected source files
2019-04-09T16:15:15.044Z - info: Rebuilding 1 pages
2019-04-09T16:15:15.119Z - info: Pages rebuilt
2019-04-09T16:15:15.121Z - info: Site data built
2019-04-09T16:15:29.684Z - info: [12:15:29 AM] Reload for file change: C:\Users\acer\Desktop\MarkBindTest\index.md
2019-04-09T16:15:30.687Z - info: Rebuilding affected source files
2019-04-09T16:15:30.687Z - info: Rebuilding 1 pages
2019-04-09T16:15:30.744Z - info: Pages rebuilt
2019-04-09T16:15:30.749Z - info: Site data built
2019-04-09T16:15:45.491Z - info: [12:15:45 AM] Reload for file change: C:\Users\acer\Desktop\MarkBindTest\site.json
2019-04-09T16:15:46.495Z - info: Assets built
2019-04-09T16:15:52.199Z - info: [12:15:52 AM] Reload for file change: C:\Users\acer\Desktop\MarkBindTest\site.json
2019-04-09T16:15:53.203Z - info: Assets built
2019-04-09T16:15:58.612Z - info: [12:15:58 AM] Reload for file change: C:\Users\acer\Desktop\MarkBindTest\index.md
2019-04-09T16:15:59.617Z - info: Rebuilding affected source files
2019-04-09T16:15:59.618Z - info: Rebuilding 1 pages
2019-04-09T16:15:59.692Z - info: Pages rebuilt
2019-04-09T16:15:59.695Z - info: Site data built
2019-04-09T16:15:59.859Z - info: [12:15:59 AM] Reload for file change: C:\Users\acer\Desktop\MarkBindTest\index.md
2019-04-09T16:16:00.865Z - info: Rebuilding affected source files
2019-04-09T16:16:00.865Z - info: Rebuilding 1 pages
2019-04-09T16:16:00.907Z - info: Pages rebuilt
2019-04-09T16:16:00.911Z - info: Site data built
2019-04-09T16:16:00.948Z - info: [12:16:00 AM] Reload for file change: C:\Users\acer\Desktop\MarkBindTest\index.md
2019-04-09T16:16:01.949Z - info: Rebuilding affected source files
2019-04-09T16:16:01.950Z - info: Rebuilding 1 pages
2019-04-09T16:16:02.000Z - info: Pages rebuilt
2019-04-09T16:16:02.003Z - info: Site data built
2019-04-09T16:16:02.504Z - info: [12:16:02 AM] Reload for file change: C:\Users\acer\Desktop\MarkBindTest\index.md
2019-04-09T16:16:03.507Z - info: Rebuilding affected source files
2019-04-09T16:16:03.508Z - info: Rebuilding 1 pages
2019-04-09T16:16:03.605Z - info: Pages rebuilt
2019-04-09T16:16:03.608Z - info: Site data built
2019-04-09T16:16:13.825Z - info: [12:16:13 AM] Reload for file change: C:\Users\acer\Desktop\MarkBindTest\index.md
2019-04-09T16:16:14.831Z - info: Rebuilding affected source files
2019-04-09T16:16:14.832Z - info: Rebuilding 1 pages
2019-04-09T16:16:14.918Z - info: Pages rebuilt
2019-04-09T16:16:14.923Z - info: Site data built
2019-04-09T16:16:33.893Z - info: [12:16:33 AM] Reload for file change: C:\Users\acer\Desktop\MarkBindTest\index.md
2019-04-09T16:16:34.896Z - info: Rebuilding affected source files
2019-04-09T16:16:34.896Z - info: Rebuilding 1 pages
2019-04-09T16:16:34.966Z - info: Pages rebuilt
2019-04-09T16:16:34.970Z - info: Site data built
2019-04-09T16:16:35.693Z - info: [12:16:35 AM] Reload for file change: C:\Users\acer\Desktop\MarkBindTest\index.md
2019-04-09T16:16:36.697Z - info: Rebuilding affected source files
2019-04-09T16:16:36.698Z - info: Rebuilding 1 pages
2019-04-09T16:16:36.772Z - info: Pages rebuilt
2019-04-09T16:16:36.777Z - info: Site data built
2019-04-09T16:16:43.426Z - info: [12:16:43 AM] Reload for file change: C:\Users\acer\Desktop\MarkBindTest\index.md
2019-04-09T16:16:44.429Z - info: Rebuilding affected source files
2019-04-09T16:16:44.430Z - info: Rebuilding 1 pages
2019-04-09T16:16:44.512Z - info: Pages rebuilt
2019-04-09T16:16:44.515Z - info: Site data built
2019-04-09T16:17:51.307Z - info: [12:17:51 AM] Reload for file change: C:\Users\acer\Desktop\MarkBindTest\_markbind\headers\header.md
2019-04-09T16:17:52.309Z - info: Rebuilding affected source files
2019-04-09T16:17:52.311Z - info: Rebuilding 1 pages
2019-04-09T16:17:52.380Z - info: Pages rebuilt
2019-04-09T16:17:52.384Z - info: Site data built
2019-04-09T16:20:32.975Z - info: [12:20:32 AM] Reload for file change: C:\Users\acer\Desktop\MarkBindTest\index.md
2019-04-09T16:20:33.979Z - info: Rebuilding affected source files
2019-04-09T16:20:33.980Z - info: Rebuilding 1 pages
2019-04-09T16:20:34.055Z - info: Pages rebuilt
2019-04-09T16:20:34.061Z - info: Site data built
2019-04-09T16:20:34.253Z - info: [12:20:34 AM] Reload for file change: C:\Users\acer\Desktop\MarkBindTest\index.md
2019-04-09T16:20:35.255Z - info: Rebuilding affected source files
2019-04-09T16:20:35.256Z - info: Rebuilding 1 pages
2019-04-09T16:20:35.335Z - info: Pages rebuilt
2019-04-09T16:20:35.339Z - info: Site data built
2019-04-09T16:21:47.562Z - info: [12:21:47 AM] Reload for file change: C:\Users\acer\Desktop\MarkBindTest\index.md
2019-04-09T16:21:48.564Z - info: Rebuilding affected source files
2019-04-09T16:21:48.564Z - info: Rebuilding 1 pages
2019-04-09T16:21:48.634Z - info: Pages rebuilt
2019-04-09T16:21:48.638Z - info: Site data built
2019-04-09T16:21:58.393Z - info: [12:21:58 AM] Reload for file change: C:\Users\acer\Desktop\MarkBindTest\index.md
2019-04-09T16:21:59.395Z - info: Rebuilding affected source files
2019-04-09T16:21:59.396Z - info: Rebuilding 1 pages
2019-04-09T16:21:59.453Z - info: Pages rebuilt
2019-04-09T16:21:59.457Z - info: Site data built
2019-04-09T16:22:25.285Z - info: [12:22:25 AM] Reload for file change: C:\Users\acer\Desktop\MarkBindTest\index.md
2019-04-09T16:22:26.289Z - info: Rebuilding affected source files
2019-04-09T16:22:26.291Z - info: Rebuilding 1 pages
2019-04-09T16:22:26.344Z - info: Pages rebuilt
2019-04-09T16:22:26.347Z - info: Site data built
2019-04-09T16:23:05.463Z - info: [12:23:05 AM] Reload for file change: C:\Users\acer\Desktop\MarkBindTest\index.md
2019-04-09T16:23:06.465Z - info: Rebuilding affected source files
2019-04-09T16:23:06.466Z - info: Rebuilding 1 pages
2019-04-09T16:23:06.552Z - info: Pages rebuilt
2019-04-09T16:23:06.555Z - info: Site data built
2019-04-09T16:24:01.163Z - info: [12:24:01 AM] Reload for file change: C:\Users\acer\Desktop\MarkBindTest\index.md
2019-04-09T16:24:02.165Z - info: Rebuilding affected source files
2019-04-09T16:24:02.166Z - info: Rebuilding 1 pages
2019-04-09T16:24:02.231Z - info: Pages rebuilt
2019-04-09T16:24:02.234Z - info: Site data built
2019-04-09T16:24:02.347Z - info: [12:24:02 AM] Reload for file change: C:\Users\acer\Desktop\MarkBindTest\index.md
2019-04-09T16:24:03.348Z - info: Rebuilding affected source files
2019-04-09T16:24:03.348Z - info: Rebuilding 1 pages
2019-04-09T16:24:03.405Z - info: Pages rebuilt
2019-04-09T16:24:03.409Z - info: Site data built
2019-04-09T16:25:16.319Z - info: [12:25:16 AM] Reload for file change: C:\Users\acer\Desktop\MarkBindTest\index.md
2019-04-09T16:25:17.321Z - info: Rebuilding affected source files
2019-04-09T16:25:17.322Z - info: Rebuilding 1 pages
2019-04-09T16:25:17.438Z - info: Pages rebuilt
2019-04-09T16:25:17.442Z - info: Site data built
2019-04-09T16:25:18.056Z - info: [12:25:18 AM] Reload for file change: C:\Users\acer\Desktop\MarkBindTest\index.md
2019-04-09T16:25:19.058Z - info: Rebuilding affected source files
2019-04-09T16:25:19.058Z - info: Rebuilding 1 pages
2019-04-09T16:25:19.152Z - info: Pages rebuilt
2019-04-09T16:25:19.156Z - info: Site data built
2019-04-09T16:25:25.478Z - info: [12:25:25 AM] Reload for file change: C:\Users\acer\Desktop\MarkBindTest\index.md
2019-04-09T16:25:26.479Z - info: Rebuilding affected source files
2019-04-09T16:25:26.480Z - info: Rebuilding 1 pages
2019-04-09T16:25:26.600Z - info: Pages rebuilt
2019-04-09T16:25:26.607Z - info: Site data built
2019-04-09T16:27:32.619Z - info: [12:27:32 AM] Reload for file change: C:\Users\acer\Desktop\MarkBindTest\index.md
2019-04-09T16:27:33.543Z - info: [12:27:33 AM] Reload for file change: C:\Users\acer\Desktop\MarkBindTest\index.md
2019-04-09T16:27:33.623Z - info: Rebuilding affected source files
2019-04-09T16:27:33.624Z - info: Rebuilding 1 pages
2019-04-09T16:27:33.699Z - info: Pages rebuilt
2019-04-09T16:27:33.702Z - info: Site data built
2019-04-09T16:27:34.878Z - info: [12:27:34 AM] Reload for file change: C:\Users\acer\Desktop\MarkBindTest\index.md
2019-04-09T16:27:35.880Z - info: Rebuilding affected source files
2019-04-09T16:27:35.881Z - info: Rebuilding 1 pages
2019-04-09T16:27:35.942Z - info: Pages rebuilt
2019-04-09T16:27:35.945Z - info: Site data built
2019-04-09T16:27:36.387Z - info: [12:27:36 AM] Reload for file change: C:\Users\acer\Desktop\MarkBindTest\index.md
2019-04-09T16:27:37.391Z - info: Rebuilding affected source files
2019-04-09T16:27:37.391Z - info: Rebuilding 1 pages
2019-04-09T16:27:37.442Z - info: Pages rebuilt
2019-04-09T16:27:37.445Z - info: Site data built
2019-04-09T16:27:37.873Z - info: [12:27:37 AM] Reload for file change: C:\Users\acer\Desktop\MarkBindTest\index.md
2019-04-09T16:27:38.875Z - info: Rebuilding affected source files
2019-04-09T16:27:38.876Z - info: Rebuilding 1 pages
2019-04-09T16:27:38.958Z - info: Pages rebuilt
2019-04-09T16:27:38.962Z - info: Site data built
2019-04-09T16:28:12.893Z - info: [12:28:12 AM] Reload for file change: C:\Users\acer\Desktop\MarkBindTest\index.md
2019-04-09T16:28:13.897Z - info: Rebuilding affected source files
2019-04-09T16:28:13.898Z - info: Rebuilding 1 pages
2019-04-09T16:28:13.907Z - info: [12:28:13 AM] Reload for file change: C:\Users\acer\Desktop\MarkBindTest\index.md
2019-04-09T16:28:13.984Z - info: Pages rebuilt
2019-04-09T16:28:13.988Z - info: Site data built
2019-04-09T16:28:14.909Z - info: Rebuilding affected source files
2019-04-09T16:28:14.910Z - info: Rebuilding 1 pages
2019-04-09T16:28:15.003Z - info: Pages rebuilt
2019-04-09T16:28:15.007Z - info: Site data built
2019-04-09T16:28:30.163Z - info: [12:28:30 AM] Reload for file change: C:\Users\acer\Desktop\MarkBindTest\index.md
2019-04-09T16:28:31.166Z - info: Rebuilding affected source files
2019-04-09T16:28:31.167Z - info: Rebuilding 1 pages
2019-04-09T16:28:31.263Z - info: Pages rebuilt
2019-04-09T16:28:31.266Z - info: Site data built
2019-04-09T16:29:31.150Z - info: [12:29:31 AM] Reload for file change: C:\Users\acer\Desktop\MarkBindTest\site.json
2019-04-09T16:29:32.152Z - info: Assets built
2019-04-09T16:29:36.705Z - info: [12:29:36 AM] Reload for file change: C:\Users\acer\Desktop\MarkBindTest\index.md
2019-04-09T16:29:37.707Z - info: Rebuilding affected source files
2019-04-09T16:29:37.708Z - info: Rebuilding 1 pages
2019-04-09T16:29:37.786Z - info: Pages rebuilt
2019-04-09T16:29:37.790Z - info: Site data built
2019-04-09T16:29:49.118Z - info: [12:29:49 AM] Reload for file change: C:\Users\acer\Desktop\MarkBindTest\index.md
2019-04-09T16:29:50.121Z - info: Rebuilding affected source files
2019-04-09T16:29:50.122Z - info: Rebuilding 1 pages
2019-04-09T16:29:50.188Z - info: Pages rebuilt
2019-04-09T16:29:50.192Z - info: Site data built
2019-04-09T16:29:55.351Z - info: [12:29:55 AM] Reload for file change: C:\Users\acer\Desktop\MarkBindTest\index.md
2019-04-09T16:29:56.357Z - info: Rebuilding affected source files
2019-04-09T16:29:56.359Z - info: Rebuilding 1 pages
2019-04-09T16:29:56.433Z - info: Pages rebuilt
2019-04-09T16:29:56.437Z - info: Site data built
2019-04-09T16:30:38.832Z - info: [12:30:38 AM] Reload for file change: C:\Users\acer\Desktop\MarkBindTest\index.md
2019-04-09T16:30:39.834Z - info: Rebuilding affected source files
2019-04-09T16:30:39.835Z - info: Rebuilding 1 pages
2019-04-09T16:30:39.906Z - info: Pages rebuilt
2019-04-09T16:30:39.909Z - info: Site data built
2019-04-09T16:30:40.396Z - info: [12:30:40 AM] Reload for file change: C:\Users\acer\Desktop\MarkBindTest\index.md
2019-04-09T16:30:41.163Z - info: [12:30:41 AM] Reload for file change: C:\Users\acer\Desktop\MarkBindTest\index.md
2019-04-09T16:30:41.399Z - info: Rebuilding affected source files
2019-04-09T16:30:41.401Z - info: Rebuilding 1 pages
2019-04-09T16:30:41.442Z - info: Pages rebuilt
2019-04-09T16:30:41.445Z - info: Site data built
2019-04-09T16:30:41.783Z - info: [12:30:41 AM] Reload for file change: C:\Users\acer\Desktop\MarkBindTest\index.md
2019-04-09T16:30:42.793Z - info: Rebuilding affected source files
2019-04-09T16:30:42.794Z - info: Rebuilding 1 pages
2019-04-09T16:30:42.875Z - info: Pages rebuilt
2019-04-09T16:30:42.880Z - info: Site data built
2019-04-09T16:31:06.940Z - info: [12:31:06 AM] Reload for file change: C:\Users\acer\Desktop\MarkBindTest\index.md
2019-04-09T16:31:07.946Z - info: Rebuilding affected source files
2019-04-09T16:31:07.947Z - info: Rebuilding 1 pages
2019-04-09T16:31:08.011Z - info: Pages rebuilt
2019-04-09T16:31:08.015Z - info: Site data built
2019-04-09T16:31:18.457Z - info: [12:31:18 AM] Reload for file change: C:\Users\acer\Desktop\MarkBindTest\index.md
2019-04-09T16:31:19.462Z - info: Rebuilding affected source files
2019-04-09T16:31:19.463Z - info: Rebuilding 1 pages
2019-04-09T16:31:19.563Z - info: Pages rebuilt
2019-04-09T16:31:19.568Z - info: Site data built
2019-04-09T16:31:29.823Z - info: [12:31:29 AM] Reload for file change: C:\Users\acer\Desktop\MarkBindTest\index.md
2019-04-09T16:31:30.827Z - info: Rebuilding affected source files
2019-04-09T16:31:30.828Z - info: Rebuilding 1 pages
2019-04-09T16:31:30.885Z - info: Pages rebuilt
2019-04-09T16:31:30.889Z - info: Site data built
2019-04-09T16:32:00.285Z - info: [12:32:00 AM] Reload for file change: C:\Users\acer\Desktop\MarkBindTest\index.md
2019-04-09T16:32:01.287Z - info: Rebuilding affected source files
2019-04-09T16:32:01.288Z - info: Rebuilding 1 pages
2019-04-09T16:32:01.393Z - info: Pages rebuilt
2019-04-09T16:32:01.396Z - info: Site data built
2019-04-09T16:33:55.189Z - info: [12:33:55 AM] Reload for file change: C:\Users\acer\Desktop\MarkBindTest\index.md
2019-04-09T16:33:56.192Z - info: Rebuilding affected source files
2019-04-09T16:33:56.194Z - info: Rebuilding 1 pages
2019-04-09T16:33:56.254Z - info: [12:33:56 AM] Reload for file change: C:\Users\acer\Desktop\MarkBindTest\index.md
2019-04-09T16:33:56.259Z - info: Pages rebuilt
2019-04-09T16:33:56.263Z - info: Site data built
2019-04-09T16:33:57.257Z - info: Rebuilding affected source files
2019-04-09T16:33:57.258Z - info: Rebuilding 1 pages
2019-04-09T16:33:57.325Z - info: Pages rebuilt
2019-04-09T16:33:57.329Z - info: Site data built
2019-04-09T16:34:13.146Z - info: [12:34:13 AM] Reload for file change: C:\Users\acer\Desktop\MarkBindTest\index.md
2019-04-09T16:34:14.152Z - info: Rebuilding affected source files
2019-04-09T16:34:14.152Z - info: Rebuilding 1 pages
2019-04-09T16:34:14.191Z - info: Pages rebuilt
2019-04-09T16:34:14.194Z - info: Site data built
2019-04-09T16:34:17.970Z - info: [12:34:17 AM] Reload for file change: C:\Users\acer\Desktop\MarkBindTest\index.md
2019-04-09T16:34:18.974Z - info: Rebuilding affected source files
2019-04-09T16:34:18.975Z - info: Rebuilding 1 pages
2019-04-09T16:34:19.054Z - info: Pages rebuilt
2019-04-09T16:34:19.057Z - info: Site data built
2019-04-09T16:34:36.612Z - info: [12:34:36 AM] Reload for file change: C:\Users\acer\Desktop\MarkBindTest\index.md
2019-04-09T16:34:37.618Z - info: Rebuilding affected source files
2019-04-09T16:34:37.620Z - info: Rebuilding 1 pages
2019-04-09T16:34:37.693Z - info: Pages rebuilt
2019-04-09T16:34:37.695Z - info: Site data built
2019-04-09T16:36:51.718Z - info: [12:36:51 AM] Reload for file change: C:\Users\acer\Desktop\MarkBindTest\index.md
2019-04-09T16:36:52.725Z - info: Rebuilding affected source files
2019-04-09T16:36:52.725Z - info: Rebuilding 1 pages
2019-04-09T16:36:52.765Z - info: Pages rebuilt
2019-04-09T16:36:52.769Z - info: Site data built
2019-04-09T16:37:36.514Z - info: [12:37:36 AM] Reload for file change: C:\Users\acer\Desktop\MarkBindTest\index.md
2019-04-09T16:37:37.519Z - info: Rebuilding affected source files
2019-04-09T16:37:37.521Z - info: Rebuilding 1 pages
2019-04-09T16:37:37.580Z - info: Pages rebuilt
2019-04-09T16:37:37.584Z - info: Site data built
2019-04-09T16:38:01.101Z - info: [12:38:01 AM] Reload for file change: C:\Users\acer\Desktop\MarkBindTest\index.md
2019-04-09T16:38:02.103Z - info: Rebuilding affected source files
2019-04-09T16:38:02.104Z - info: Rebuilding 1 pages
2019-04-09T16:38:02.142Z - info: Pages rebuilt
2019-04-09T16:38:02.146Z - info: Site data built
2019-04-09T16:38:07.028Z - info: [12:38:07 AM] Reload for file change: C:\Users\acer\Desktop\MarkBindTest\index.md
2019-04-09T16:38:08.032Z - info: Rebuilding affected source files
2019-04-09T16:38:08.032Z - info: Rebuilding 1 pages
2019-04-09T16:38:08.085Z - info: Pages rebuilt
2019-04-09T16:38:08.089Z - info: Site data built
2019-04-09T16:38:16.971Z - info: [12:38:16 AM] Reload for file change: C:\Users\acer\Desktop\MarkBindTest\index.md
2019-04-09T16:38:17.973Z - info: Rebuilding affected source files
2019-04-09T16:38:17.974Z - info: Rebuilding 1 pages
2019-04-09T16:38:18.042Z - info: Pages rebuilt
2019-04-09T16:38:18.045Z - info: Site data built
2019-04-09T16:38:35.367Z - info: [12:38:35 AM] Reload for file change: C:\Users\acer\Desktop\MarkBindTest\index.md
2019-04-09T16:38:36.371Z - info: Rebuilding affected source files
2019-04-09T16:38:36.372Z - info: Rebuilding 1 pages
2019-04-09T16:38:36.439Z - info: Pages rebuilt
2019-04-09T16:38:36.442Z - info: Site data built
2019-04-09T16:38:42.534Z - info: [12:38:42 AM] Reload for file change: C:\Users\acer\Desktop\MarkBindTest\index.md
2019-04-09T16:38:43.536Z - info: Rebuilding affected source files
2019-04-09T16:38:43.537Z - info: Rebuilding 1 pages
2019-04-09T16:38:43.616Z - info: Pages rebuilt
2019-04-09T16:38:43.619Z - info: Site data built
2019-04-09T16:38:46.094Z - info: [12:38:46 AM] Reload for file change: C:\Users\acer\Desktop\MarkBindTest\index.md
2019-04-09T16:38:47.096Z - info: Rebuilding affected source files
2019-04-09T16:38:47.097Z - info: Rebuilding 1 pages
2019-04-09T16:38:47.177Z - info: Pages rebuilt
2019-04-09T16:38:47.180Z - info: Site data built
2019-04-09T16:39:02.005Z - info: [12:39:02 AM] Reload for file change: C:\Users\acer\Desktop\MarkBindTest\index.md
2019-04-09T16:39:03.006Z - info: Rebuilding affected source files
2019-04-09T16:39:03.007Z - info: Rebuilding 1 pages
2019-04-09T16:39:03.145Z - info: Pages rebuilt
2019-04-09T16:39:03.148Z - info: Site data built
2019-04-09T16:39:16.983Z - info: [12:39:16 AM] Reload for file change: C:\Users\acer\Desktop\MarkBindTest\index.md
2019-04-09T16:39:17.985Z - info: Rebuilding affected source files
2019-04-09T16:39:17.987Z - info: Rebuilding 1 pages
2019-04-09T16:39:18.108Z - info: Pages rebuilt
2019-04-09T16:39:18.120Z - info: Site data built
2019-04-09T16:39:25.234Z - info: [12:39:25 AM] Reload for file change: C:\Users\acer\Desktop\MarkBindTest\index.md
2019-04-09T16:39:26.236Z - info: Rebuilding affected source files
2019-04-09T16:39:26.238Z - info: Rebuilding 1 pages
2019-04-09T16:39:26.310Z - info: Pages rebuilt
2019-04-09T16:39:26.314Z - info: Site data built
2019-04-09T16:39:50.567Z - info: [12:39:50 AM] Reload for file change: C:\Users\acer\Desktop\MarkBindTest\index.md
2019-04-09T16:39:51.569Z - info: Rebuilding affected source files
2019-04-09T16:39:51.570Z - info: Rebuilding 1 pages
2019-04-09T16:39:51.640Z - info: Pages rebuilt
2019-04-09T16:39:51.644Z - info: Site data built
2019-04-09T16:40:12.104Z - info: [12:40:12 AM] Reload for file change: C:\Users\acer\Desktop\MarkBindTest\index.md
2019-04-09T16:40:13.112Z - info: Rebuilding affected source files
2019-04-09T16:40:13.112Z - info: Rebuilding 1 pages
2019-04-09T16:40:13.182Z - info: Pages rebuilt
2019-04-09T16:40:13.184Z - info: Site data built
2019-04-09T16:40:29.756Z - info: [12:40:29 AM] Reload for file change: C:\Users\acer\Desktop\MarkBindTest\index.md
2019-04-09T16:40:30.758Z - info: Rebuilding affected source files
2019-04-09T16:40:30.759Z - info: Rebuilding 1 pages
2019-04-09T16:40:30.825Z - info: Pages rebuilt
2019-04-09T16:40:30.829Z - info: Site data built
2019-04-09T16:40:35.305Z - info: [12:40:35 AM] Reload for file change: C:\Users\acer\Desktop\MarkBindTest\index.md
2019-04-09T16:40:36.311Z - info: Rebuilding affected source files
2019-04-09T16:40:36.312Z - info: Rebuilding 1 pages
2019-04-09T16:40:36.401Z - info: Pages rebuilt
2019-04-09T16:40:36.403Z - info: Site data built
2019-04-09T16:42:07.073Z - info: [12:42:07 AM] Reload for file add: C:\Users\acer\Desktop\MarkBindTest\img\001.png
2019-04-09T16:42:07.108Z - info: [12:42:07 AM] Reload for file change: C:\Users\acer\Desktop\MarkBindTest\img\001.png
2019-04-09T16:42:08.090Z - info: Assets built
2019-04-09T16:42:58.558Z - info: [12:42:58 AM] Reload for file change: C:\Users\acer\Desktop\MarkBindTest\index.md
2019-04-09T16:42:59.559Z - info: Rebuilding affected source files
2019-04-09T16:42:59.560Z - info: Rebuilding 1 pages
2019-04-09T16:42:59.635Z - info: Pages rebuilt
2019-04-09T16:42:59.639Z - info: Site data built
2019-04-09T16:43:05.015Z - info: [12:43:05 AM] Reload for file change: C:\Users\acer\Desktop\MarkBindTest\index.md
2019-04-09T16:43:06.027Z - info: Rebuilding affected source files
2019-04-09T16:43:06.027Z - info: Rebuilding 1 pages
2019-04-09T16:43:06.099Z - info: Pages rebuilt
2019-04-09T16:43:06.102Z - info: Site data built
2019-04-09T16:43:27.144Z - info: [12:43:27 AM] Reload for file change: C:\Users\acer\Desktop\MarkBindTest\index.md
2019-04-09T16:43:28.146Z - info: Rebuilding affected source files
2019-04-09T16:43:28.147Z - info: Rebuilding 1 pages
2019-04-09T16:43:28.222Z - info: Pages rebuilt
2019-04-09T16:43:28.225Z - info: Site data built
2019-04-09T16:44:05.762Z - info: [12:44:05 AM] Reload for file change: C:\Users\acer\Desktop\MarkBindTest\index.md
2019-04-09T16:44:06.766Z - info: Rebuilding affected source files
2019-04-09T16:44:06.767Z - info: Rebuilding 1 pages
2019-04-09T16:44:06.847Z - info: Pages rebuilt
2019-04-09T16:44:06.850Z - info: Site data built
2019-04-09T16:45:41.585Z - info: Deployed!
2019-04-09T16:45:48.975Z - info: Deployed!
2019-04-10T00:07:35.264Z - info: Website generation started at 8:07:35 AM
2019-04-10T00:07:35.440Z - info: Building assets...
2019-04-10T00:07:35.538Z - info: Assets built
2019-04-10T00:07:35.538Z - info: Generating pages...
2019-04-10T00:07:35.887Z - info: Pages built
2019-04-10T00:07:36.002Z - info: Website generation complete! Total build time: 0.807s
2019-04-10T00:07:36.054Z - info: Serving "C:\Users\acer\Desktop\MarkBindTest\_site" at http://127.0.0.1:8080
2019-04-10T00:07:36.054Z - info: Press CTRL+C to stop ...
2019-04-10T00:07:36.071Z - info: Site data built
2019-04-10T00:09:51.649Z - info: [8:09:51 AM] Reload for file change: C:\Users\acer\Desktop\MarkBindTest\index.md
2019-04-10T00:09:52.654Z - info: Rebuilding affected source files
2019-04-10T00:09:52.657Z - info: Rebuilding 1 pages
2019-04-10T00:09:52.907Z - info: Pages rebuilt
2019-04-10T00:09:52.915Z - info: Site data built
2019-04-10T00:18:06.530Z - info: [8:18:06 AM] Reload for file change: C:\Users\acer\Desktop\MarkBindTest\index.md
2019-04-10T00:18:07.532Z - info: Rebuilding affected source files
2019-04-10T00:18:07.534Z - info: Rebuilding 1 pages
2019-04-10T00:18:07.687Z - info: Pages rebuilt
2019-04-10T00:18:07.692Z - info: Site data built
2019-04-10T00:18:14.750Z - info: [8:18:14 AM] Reload for file change: C:\Users\acer\Desktop\MarkBindTest\index.md
2019-04-10T00:18:15.756Z - info: Rebuilding affected source files
2019-04-10T00:18:15.757Z - info: Rebuilding 1 pages
2019-04-10T00:18:15.908Z - info: Pages rebuilt
2019-04-10T00:18:15.912Z - info: Site data built
2019-04-10T00:18:15.935Z - info: [8:18:15 AM] Reload for file change: C:\Users\acer\Desktop\MarkBindTest\index.md
2019-04-10T00:18:16.942Z - info: Rebuilding affected source files
2019-04-10T00:18:16.944Z - info: Rebuilding 1 pages
2019-04-10T00:18:17.092Z - info: Pages rebuilt
2019-04-10T00:18:17.102Z - info: Site data built
2019-04-10T00:19:19.332Z - info: [8:19:19 AM] Reload for file change: C:\Users\acer\Desktop\MarkBindTest\index.md
2019-04-10T00:19:20.333Z - info: Rebuilding affected source files
2019-04-10T00:19:20.335Z - info: Rebuilding 1 pages
2019-04-10T00:19:20.534Z - info: Pages rebuilt
2019-04-10T00:19:20.542Z - info: Site data built
2019-04-10T00:20:33.119Z - info: [8:20:33 AM] Reload for file change: C:\Users\acer\Desktop\MarkBindTest\index.md
2019-04-10T00:20:34.126Z - info: Rebuilding affected source files
2019-04-10T00:20:34.127Z - info: Rebuilding 1 pages
2019-04-10T00:20:34.228Z - info: Pages rebuilt
2019-04-10T00:20:34.231Z - info: Site data built
2019-04-10T00:20:40.718Z - info: [8:20:40 AM] Reload for file change: C:\Users\acer\Desktop\MarkBindTest\index.md
2019-04-10T00:20:41.721Z - info: Rebuilding affected source files
2019-04-10T00:20:41.722Z - info: Rebuilding 1 pages
2019-04-10T00:20:41.877Z - info: Pages rebuilt
2019-04-10T00:20:41.887Z - info: Site data built
2019-04-10T00:21:02.468Z - info: [8:21:02 AM] Reload for file change: C:\Users\acer\Desktop\MarkBindTest\index.md
2019-04-10T00:21:03.470Z - info: Rebuilding affected source files
2019-04-10T00:21:03.472Z - info: Rebuilding 1 pages
2019-04-10T00:21:03.613Z - info: Pages rebuilt
2019-04-10T00:21:03.623Z - info: Site data built
2019-04-10T00:21:30.952Z - info: [8:21:30 AM] Reload for file change: C:\Users\acer\Desktop\MarkBindTest\index.md
2019-04-10T00:21:31.957Z - info: Rebuilding affected source files
2019-04-10T00:21:31.958Z - info: Rebuilding 1 pages
2019-04-10T00:21:32.149Z - info: Pages rebuilt
2019-04-10T00:21:32.160Z - info: Site data built
2019-04-10T00:21:42.889Z - info: [8:21:42 AM] Reload for file change: C:\Users\acer\Desktop\MarkBindTest\index.md
2019-04-10T00:21:43.894Z - info: Rebuilding affected source files
2019-04-10T00:21:43.895Z - info: Rebuilding 1 pages
2019-04-10T00:21:44.035Z - info: Pages rebuilt
2019-04-10T00:21:44.042Z - info: Site data built
2019-04-10T00:21:54.637Z - info: [8:21:54 AM] Reload for file change: C:\Users\acer\Desktop\MarkBindTest\index.md
2019-04-10T00:21:55.644Z - info: Rebuilding affected source files
2019-04-10T00:21:55.645Z - info: Rebuilding 1 pages
2019-04-10T00:21:55.765Z - info: Pages rebuilt
2019-04-10T00:21:55.770Z - info: Site data built
2019-04-10T00:22:08.859Z - info: [8:22:08 AM] Reload for file change: C:\Users\acer\Desktop\MarkBindTest\index.md
2019-04-10T00:22:09.863Z - info: Rebuilding affected source files
2019-04-10T00:22:09.864Z - info: Rebuilding 1 pages
2019-04-10T00:22:10.030Z - info: Pages rebuilt
2019-04-10T00:22:10.041Z - info: Site data built
2019-04-10T00:23:15.184Z - info: [8:23:15 AM] Reload for file change: C:\Users\acer\Desktop\MarkBindTest\index.md
2019-04-10T00:23:16.204Z - info: Rebuilding affected source files
2019-04-10T00:23:16.205Z - info: Rebuilding 1 pages
2019-04-10T00:23:16.289Z - info: Pages rebuilt
2019-04-10T00:23:16.292Z - info: Site data built
2019-04-10T00:23:31.168Z - info: [8:23:31 AM] Reload for file change: C:\Users\acer\Desktop\MarkBindTest\index.md
2019-04-10T00:23:32.177Z - info: Rebuilding affected source files
2019-04-10T00:23:32.177Z - info: Rebuilding 1 pages
2019-04-10T00:23:32.269Z - info: Pages rebuilt
2019-04-10T00:23:32.275Z - info: Site data built
2019-04-10T00:23:34.101Z - info: [8:23:34 AM] Reload for file change: C:\Users\acer\Desktop\MarkBindTest\index.md
2019-04-10T00:23:35.102Z - info: Rebuilding affected source files
2019-04-10T00:23:35.104Z - info: Rebuilding 1 pages
2019-04-10T00:23:35.240Z - info: Pages rebuilt
2019-04-10T00:23:35.244Z - info: Site data built
2019-04-10T00:23:41.542Z - info: [8:23:41 AM] Reload for file change: C:\Users\acer\Desktop\MarkBindTest\index.md
2019-04-10T00:23:42.547Z - info: Rebuilding affected source files
2019-04-10T00:23:42.548Z - info: Rebuilding 1 pages
2019-04-10T00:23:42.627Z - info: Pages rebuilt
2019-04-10T00:23:42.631Z - info: Site data built
2019-04-10T00:32:57.053Z - info: [8:32:57 AM] Reload for file change: C:\Users\acer\Desktop\MarkBindTest\_markbind\navigation\site-nav.md
2019-04-10T00:32:58.055Z - info: Rebuilding affected source files
2019-04-10T00:32:58.056Z - info: Rebuilding 1 pages
2019-04-10T00:32:58.212Z - info: Pages rebuilt
2019-04-10T00:32:58.221Z - info: Site data built
2019-04-10T00:33:10.262Z - info: [8:33:10 AM] Reload for file change: C:\Users\acer\Desktop\MarkBindTest\_markbind\navigation\site-nav.md
2019-04-10T00:33:11.216Z - info: [8:33:11 AM] Reload for file change: C:\Users\acer\Desktop\MarkBindTest\_markbind\navigation\site-nav.md
2019-04-10T00:33:11.263Z - info: Rebuilding affected source files
2019-04-10T00:33:11.264Z - info: Rebuilding 1 pages
2019-04-10T00:33:11.378Z - info: Pages rebuilt
2019-04-10T00:33:11.384Z - info: Site data built
2019-04-10T00:33:23.124Z - info: [8:33:23 AM] Reload for file change: C:\Users\acer\Desktop\MarkBindTest\_markbind\navigation\site-nav.md
2019-04-10T00:33:24.126Z - info: Rebuilding affected source files
2019-04-10T00:33:24.127Z - info: Rebuilding 1 pages
2019-04-10T00:33:24.325Z - info: Pages rebuilt
2019-04-10T00:33:24.330Z - info: Site data built
2019-04-10T00:33:32.935Z - info: [8:33:32 AM] Reload for file add: C:\Users\acer\Desktop\MarkBindTest\bs.md
2019-04-10T00:33:33.937Z - warn: Rebuilding all source files
2019-04-10T00:33:35.007Z - info: Assets removed
2019-04-10T00:33:35.008Z - info: Generating pages...
2019-04-10T00:33:35.366Z - info: Pages built
2019-04-10T00:33:54.670Z - info: [8:33:54 AM] Reload for file add: C:\Users\acer\Desktop\MarkBindTest\reuse
2019-04-10T00:33:55.687Z - info: Assets built
2019-04-10T00:34:03.232Z - info: [8:34:03 AM] Reload for file add: C:\Users\acer\Desktop\MarkBindTest\reuse.md
2019-04-10T00:34:03.329Z - info: [8:34:03 AM] Reload for file deletion: C:\Users\acer\Desktop\MarkBindTest\reuse
2019-04-10T00:34:03.918Z - info: [8:34:03 AM] Reload for file change: C:\Users\acer\Desktop\MarkBindTest\reuse.md
2019-04-10T00:34:04.233Z - warn: Rebuilding all source files
2019-04-10T00:34:04.331Z - info: Assets removed
2019-04-10T00:34:04.331Z - info: Generating pages...
2019-04-10T00:34:04.578Z - info: Pages built
2019-04-10T00:34:04.919Z - info: Rebuilding affected source files
2019-04-10T00:34:04.919Z - info: Rebuilding 1 pages
2019-04-10T00:34:04.953Z - info: Pages rebuilt
2019-04-10T00:34:04.959Z - info: Site data built
2019-04-10T00:34:39.662Z - info: [8:34:39 AM] Reload for file change: C:\Users\acer\Desktop\MarkBindTest\reuse.md
2019-04-10T00:34:40.663Z - info: Rebuilding affected source files
2019-04-10T00:34:40.664Z - info: Rebuilding 1 pages
2019-04-10T00:34:40.782Z - info: Pages rebuilt
2019-04-10T00:34:40.789Z - info: Site data built
2019-04-10T00:34:41.134Z - info: [8:34:41 AM] Reload for file change: C:\Users\acer\Desktop\MarkBindTest\bs.md
2019-04-10T00:34:42.137Z - info: Rebuilding affected source files
2019-04-10T00:34:42.140Z - info: Rebuilding 1 pages
2019-04-10T00:34:42.252Z - info: Pages rebuilt
2019-04-10T00:34:42.259Z - info: Site data built
2019-04-10T00:40:40.444Z - info: [8:40:40 AM] Reload for file change: C:\Users\acer\Desktop\MarkBindTest\_markbind\variables.md
2019-04-10T00:40:41.446Z - info: Rebuilding affected source files
2019-04-10T00:40:41.486Z - warn: Rebuilding all pages as variables file was changed, or the --force-reload flag was set
2019-04-10T00:40:41.494Z - info: Rebuilding 8 pages
2019-04-10T00:40:41.763Z - info: Pages rebuilt
2019-04-10T00:40:41.774Z - info: Site data built
2019-04-10T00:40:47.440Z - info: [8:40:47 AM] Reload for file change: C:\Users\acer\Desktop\MarkBindTest\_markbind\variables.md
2019-04-10T00:40:48.442Z - info: Rebuilding affected source files
2019-04-10T00:40:48.463Z - warn: Rebuilding all pages as variables file was changed, or the --force-reload flag was set
2019-04-10T00:40:48.468Z - info: Rebuilding 8 pages
2019-04-10T00:40:48.939Z - info: Pages rebuilt
2019-04-10T00:40:48.947Z - info: Site data built
2019-04-10T00:40:49.581Z - info: [8:40:49 AM] Reload for file change: C:\Users\acer\Desktop\MarkBindTest\_markbind\variables.md
2019-04-10T00:40:50.583Z - info: Rebuilding affected source files
2019-04-10T00:40:50.602Z - warn: Rebuilding all pages as variables file was changed, or the --force-reload flag was set
2019-04-10T00:40:50.606Z - info: Rebuilding 8 pages
2019-04-10T00:40:50.940Z - info: Pages rebuilt
2019-04-10T00:40:50.945Z - info: Site data built
2019-04-10T00:41:22.259Z - info: [8:41:22 AM] Reload for file change: C:\Users\acer\Desktop\MarkBindTest\reuse.md
2019-04-10T00:41:23.261Z - info: Rebuilding affected source files
2019-04-10T00:41:23.262Z - info: Rebuilding 1 pages
2019-04-10T00:41:23.462Z - info: Pages rebuilt
2019-04-10T00:41:23.472Z - info: Site data built
2019-04-10T00:41:24.433Z - info: [8:41:24 AM] Reload for file change: C:\Users\acer\Desktop\MarkBindTest\reuse.md
2019-04-10T00:41:25.435Z - info: Rebuilding affected source files
2019-04-10T00:41:25.436Z - info: Rebuilding 1 pages
2019-04-10T00:41:25.586Z - info: Pages rebuilt
2019-04-10T00:41:25.590Z - info: Site data built
2019-04-10T01:05:37.297Z - info: [9:05:37 AM] Reload for file change: C:\Users\acer\Desktop\MarkBindTest\index.md
2019-04-10T01:05:38.313Z - info: Rebuilding affected source files
2019-04-10T01:05:38.313Z - info: Rebuilding 1 pages
2019-04-10T01:05:38.416Z - info: Pages rebuilt
2019-04-10T01:05:38.420Z - info: Site data built
2019-04-10T01:05:43.285Z - info: [9:05:43 AM] Reload for file change: C:\Users\acer\Desktop\MarkBindTest\index.md
2019-04-10T01:05:44.243Z - info: [9:05:44 AM] Reload for file change: C:\Users\acer\Desktop\MarkBindTest\index.md
2019-04-10T01:05:44.288Z - info: Rebuilding affected source files
2019-04-10T01:05:44.289Z - info: Rebuilding 1 pages
2019-04-10T01:05:44.348Z - info: Pages rebuilt
2019-04-10T01:05:44.350Z - info: Site data built
2019-04-10T01:07:09.690Z - info: Deployed!
2019-04-10T01:11:30.957Z - info: Website generation started at 9:11:30 AM
2019-04-10T01:11:31.023Z - info: Building assets...
2019-04-10T01:11:31.061Z - info: Assets built
2019-04-10T01:11:31.062Z - info: Generating pages...
2019-04-10T01:11:31.446Z - info: Pages built
2019-04-10T01:11:31.517Z - info: Website generation complete! Total build time: 0.599s
2019-04-10T01:11:31.547Z - info: Serving "C:\Users\acer\Desktop\MarkBindTest\_site" at http://127.0.0.1:8080
2019-04-10T01:11:31.548Z - info: Press CTRL+C to stop ...
2019-04-10T01:11:31.562Z - info: Site data built
2019-04-10T01:12:12.788Z - info: [9:12:12 AM] Reload for file change: C:\Users\acer\Desktop\MarkBindTest\index.md
2019-04-10T01:12:13.795Z - info: Rebuilding affected source files
2019-04-10T01:12:13.798Z - info: Rebuilding 1 pages
2019-04-10T01:12:14.121Z - info: Pages rebuilt
2019-04-10T01:12:14.130Z - info: Site data built
2019-04-10T01:15:43.815Z - info: [9:15:43 AM] Reload for file change: C:\Users\acer\Desktop\MarkBindTest\index.md
2019-04-10T01:15:44.832Z - info: Rebuilding affected source files
2019-04-10T01:15:44.833Z - info: Rebuilding 1 pages
2019-04-10T01:15:45.093Z - info: Pages rebuilt
2019-04-10T01:15:45.097Z - info: Site data built
2019-04-10T01:15:58.731Z - info: [9:15:58 AM] Reload for file change: C:\Users\acer\Desktop\MarkBindTest\index.md
2019-04-10T01:15:59.736Z - info: Rebuilding affected source files
2019-04-10T01:15:59.737Z - info: Rebuilding 1 pages
2019-04-10T01:15:59.947Z - info: Pages rebuilt
2019-04-10T01:15:59.952Z - info: Site data built
2019-04-10T01:16:20.192Z - info: [9:16:20 AM] Reload for file change: C:\Users\acer\Desktop\MarkBindTest\bs.md
2019-04-10T01:16:21.194Z - info: Rebuilding affected source files
2019-04-10T01:16:21.196Z - info: Rebuilding 1 pages
2019-04-10T01:16:21.328Z - info: Pages rebuilt
2019-04-10T01:16:21.333Z - info: Site data built
2019-04-10T01:16:30.567Z - info: [9:16:30 AM] Reload for file change: C:\Users\acer\Desktop\MarkBindTest\bs.md
2019-04-10T01:16:31.569Z - info: Rebuilding affected source files
2019-04-10T01:16:31.571Z - info: Rebuilding 1 pages
2019-04-10T01:16:31.682Z - info: Pages rebuilt
2019-04-10T01:16:31.687Z - info: Site data built
2019-04-10T01:16:43.893Z - info: [9:16:43 AM] Reload for file change: C:\Users\acer\Desktop\MarkBindTest\bs.md
2019-04-10T01:16:44.896Z - info: Rebuilding affected source files
2019-04-10T01:16:44.897Z - info: Rebuilding 1 pages
2019-04-10T01:16:45.044Z - info: Pages rebuilt
2019-04-10T01:16:45.049Z - info: Site data built
2019-04-10T01:18:04.216Z - info: [9:18:04 AM] Reload for file change: C:\Users\acer\Desktop\MarkBindTest\bs.md
2019-04-10T01:18:05.220Z - info: Rebuilding affected source files
2019-04-10T01:18:05.222Z - info: Rebuilding 1 pages
2019-04-10T01:18:05.373Z - info: Pages rebuilt
2019-04-10T01:18:05.390Z - info: Site data built
2019-04-10T01:18:56.109Z - info: [9:18:56 AM] Reload for file change: C:\Users\acer\Desktop\MarkBindTest\bs.md
2019-04-10T01:18:57.113Z - info: Rebuilding affected source files
2019-04-10T01:18:57.115Z - info: Rebuilding 1 pages
2019-04-10T01:18:57.325Z - info: Pages rebuilt
2019-04-10T01:18:57.335Z - info: Site data built
2019-04-10T01:19:05.658Z - info: [9:19:05 AM] Reload for file change: C:\Users\acer\Desktop\MarkBindTest\bs.md
2019-04-10T01:19:06.660Z - info: Rebuilding affected source files
2019-04-10T01:19:06.661Z - info: Rebuilding 1 pages
2019-04-10T01:19:06.799Z - info: Pages rebuilt
2019-04-10T01:19:06.802Z - info: Site data built
2019-04-10T01:19:19.996Z - info: [9:19:19 AM] Reload for file change: C:\Users\acer\Desktop\MarkBindTest\bs.md
2019-04-10T01:19:21.003Z - info: Rebuilding affected source files
2019-04-10T01:19:21.006Z - info: Rebuilding 1 pages
2019-04-10T01:19:21.153Z - info: Pages rebuilt
2019-04-10T01:19:21.159Z - info: Site data built
2019-04-10T01:19:43.708Z - info: [9:19:43 AM] Reload for file change: C:\Users\acer\Desktop\MarkBindTest\bs.md
2019-04-10T01:19:44.710Z - info: Rebuilding affected source files
2019-04-10T01:19:44.711Z - info: Rebuilding 1 pages
2019-04-10T01:19:44.791Z - info: [9:19:44 AM] Reload for file change: C:\Users\acer\Desktop\MarkBindTest\bs.md
2019-04-10T01:19:44.858Z - info: Pages rebuilt
2019-04-10T01:19:44.870Z - info: Site data built
2019-04-10T01:19:45.796Z - info: Rebuilding affected source files
2019-04-10T01:19:45.797Z - info: Rebuilding 1 pages
2019-04-10T01:19:45.924Z - info: Pages rebuilt
2019-04-10T01:19:45.932Z - info: Site data built
2019-04-10T01:19:57.701Z - info: [9:19:57 AM] Reload for file change: C:\Users\acer\Desktop\MarkBindTest\bs.md
2019-04-10T01:19:58.702Z - info: Rebuilding affected source files
2019-04-10T01:19:58.704Z - info: Rebuilding 1 pages
2019-04-10T01:19:58.846Z - info: Pages rebuilt
2019-04-10T01:19:58.853Z - info: Site data built
2019-04-10T01:20:02.878Z - info: [9:20:02 AM] Reload for file change: C:\Users\acer\Desktop\MarkBindTest\bs.md
2019-04-10T01:20:03.880Z - info: Rebuilding affected source files
2019-04-10T01:20:03.881Z - info: Rebuilding 1 pages
2019-04-10T01:20:04.019Z - info: Pages rebuilt
2019-04-10T01:20:04.027Z - info: Site data built
2019-04-10T01:20:11.848Z - info: [9:20:11 AM] Reload for file change: C:\Users\acer\Desktop\MarkBindTest\bs.md
2019-04-10T01:20:12.854Z - info: Rebuilding affected source files
2019-04-10T01:20:12.855Z - info: Rebuilding 1 pages
2019-04-10T01:20:13.027Z - info: Pages rebuilt
2019-04-10T01:20:13.037Z - info: Site data built
2019-04-10T01:21:26.714Z - info: [9:21:26 AM] Reload for file change: C:\Users\acer\Desktop\MarkBindTest\bs.md
2019-04-10T01:21:27.718Z - info: Rebuilding affected source files
2019-04-10T01:21:27.720Z - info: Rebuilding 1 pages
2019-04-10T01:21:27.940Z - info: Pages rebuilt
2019-04-10T01:21:27.945Z - info: Site data built
2019-04-10T01:21:29.026Z - info: [9:21:29 AM] Reload for file change: C:\Users\acer\Desktop\MarkBindTest\bs.md
2019-04-10T01:21:30.031Z - info: Rebuilding affected source files
2019-04-10T01:21:30.033Z - info: Rebuilding 1 pages
2019-04-10T01:21:30.238Z - info: Pages rebuilt
2019-04-10T01:21:30.244Z - info: Site data built
2019-04-10T01:21:34.375Z - info: [9:21:34 AM] Reload for file change: C:\Users\acer\Desktop\MarkBindTest\bs.md
2019-04-10T01:21:35.377Z - info: Rebuilding affected source files
2019-04-10T01:21:35.380Z - info: Rebuilding 1 pages
2019-04-10T01:21:35.558Z - info: Pages rebuilt
2019-04-10T01:21:35.565Z - info: Site data built
2019-04-10T01:21:43.411Z - info: [9:21:43 AM] Reload for file change: C:\Users\acer\Desktop\MarkBindTest\bs.md
2019-04-10T01:21:44.413Z - info: Rebuilding affected source files
2019-04-10T01:21:44.415Z - info: Rebuilding 1 pages
2019-04-10T01:21:44.573Z - info: Pages rebuilt
2019-04-10T01:21:44.579Z - info: Site data built
2019-04-10T01:22:05.484Z - info: [9:22:05 AM] Reload for file change: C:\Users\acer\Desktop\MarkBindTest\bs.md
2019-04-10T01:22:06.487Z - info: Rebuilding affected source files
2019-04-10T01:22:06.488Z - info: Rebuilding 1 pages
2019-04-10T01:22:06.665Z - info: Pages rebuilt
2019-04-10T01:22:06.672Z - info: Site data built
2019-04-10T01:22:21.369Z - info: [9:22:21 AM] Reload for file change: C:\Users\acer\Desktop\MarkBindTest\bs.md
2019-04-10T01:22:22.375Z - info: Rebuilding affected source files
2019-04-10T01:22:22.377Z - info: Rebuilding 1 pages
2019-04-10T01:22:22.544Z - info: Pages rebuilt
2019-04-10T01:22:22.549Z - info: Site data built
2019-04-10T01:22:37.418Z - info: [9:22:37 AM] Reload for file change: C:\Users\acer\Desktop\MarkBindTest\bs.md
2019-04-10T01:22:38.420Z - info: Rebuilding affected source files
2019-04-10T01:22:38.423Z - info: Rebuilding 1 pages
2019-04-10T01:22:38.532Z - info: Pages rebuilt
2019-04-10T01:22:38.538Z - info: Site data built
2019-04-10T01:22:59.741Z - info: [9:22:59 AM] Reload for file change: C:\Users\acer\Desktop\MarkBindTest\bs.md
2019-04-10T01:23:00.742Z - info: Rebuilding affected source files
2019-04-10T01:23:00.743Z - info: Rebuilding 1 pages
2019-04-10T01:23:00.871Z - info: Pages rebuilt
2019-04-10T01:23:00.878Z - info: Site data built
2019-04-10T01:23:09.764Z - info: [9:23:09 AM] Reload for file change: C:\Users\acer\Desktop\MarkBindTest\bs.md
2019-04-10T01:23:09.943Z - info: [9:23:09 AM] Reload for file change: C:\Users\acer\Desktop\MarkBindTest\bs.md
2019-04-10T01:23:10.770Z - info: Rebuilding affected source files
2019-04-10T01:23:10.772Z - info: Rebuilding 1 pages
2019-04-10T01:23:10.928Z - info: Pages rebuilt
2019-04-10T01:23:10.935Z - info: Site data built
2019-04-10T01:24:27.037Z - info: [9:24:27 AM] Reload for file change: C:\Users\acer\Desktop\MarkBindTest\index.md
2019-04-10T01:24:28.056Z - info: Rebuilding affected source files
2019-04-10T01:24:28.058Z - info: Rebuilding 1 pages
2019-04-10T01:24:28.334Z - info: Pages rebuilt
2019-04-10T01:24:28.337Z - info: Site data built
2019-04-10T01:24:40.294Z - info: [9:24:40 AM] Reload for file change: C:\Users\acer\Desktop\MarkBindTest\index.md
2019-04-10T01:24:41.299Z - info: Rebuilding affected source files
2019-04-10T01:24:41.300Z - info: Rebuilding 1 pages
2019-04-10T01:24:41.417Z - info: Pages rebuilt
2019-04-10T01:24:41.421Z - info: Site data built
2019-04-10T01:29:13.211Z - info: [9:29:13 AM] Reload for file change: C:\Users\acer\Desktop\MarkBindTest\_markbind\headers\header.md
2019-04-10T01:29:14.213Z - info: Rebuilding affected source files
2019-04-10T01:29:14.216Z - info: Rebuilding 3 pages
2019-04-10T01:29:14.534Z - info: Pages rebuilt
2019-04-10T01:29:14.539Z - info: Site data built
2019-04-10T01:32:58.977Z - info: [9:32:58 AM] Reload for file change: C:\Users\acer\Desktop\MarkBindTest\index.md
2019-04-10T01:32:59.983Z - info: Rebuilding affected source files
2019-04-10T01:32:59.984Z - info: Rebuilding 1 pages
2019-04-10T01:33:00.151Z - info: Pages rebuilt
2019-04-10T01:33:00.157Z - info: Site data built
2019-04-10T01:33:58.338Z - info: [9:33:58 AM] Reload for file change: C:\Users\acer\Desktop\MarkBindTest\index.md
2019-04-10T01:33:59.342Z - info: Rebuilding affected source files
2019-04-10T01:33:59.343Z - info: Rebuilding 1 pages
2019-04-10T01:33:59.437Z - info: Pages rebuilt
2019-04-10T01:33:59.440Z - info: Site data built
2019-04-10T01:34:00.439Z - info: [9:34:00 AM] Reload for file change: C:\Users\acer\Desktop\MarkBindTest\index.md
2019-04-10T01:34:01.440Z - info: Rebuilding affected source files
2019-04-10T01:34:01.442Z - info: Rebuilding 1 pages
2019-04-10T01:34:01.720Z - info: Pages rebuilt
2019-04-10T01:34:01.726Z - info: Site data built
2019-04-10T01:35:39.788Z - info: [9:35:39 AM] Reload for file change: C:\Users\acer\Desktop\MarkBindTest\index.md
2019-04-10T01:35:40.803Z - info: Rebuilding affected source files
2019-04-10T01:35:40.804Z - info: Rebuilding 1 pages
2019-04-10T01:35:41.060Z - info: Pages rebuilt
2019-04-10T01:35:41.064Z - info: Site data built
2019-04-10T01:35:45.545Z - info: [9:35:45 AM] Reload for file change: C:\Users\acer\Desktop\MarkBindTest\index.md
2019-04-10T01:35:46.553Z - info: Rebuilding affected source files
2019-04-10T01:35:46.557Z - info: Rebuilding 1 pages
2019-04-10T01:35:46.739Z - info: Pages rebuilt
2019-04-10T01:35:46.743Z - info: Site data built
2019-04-10T01:36:06.581Z - info: [9:36:06 AM] Reload for file change: C:\Users\acer\Desktop\MarkBindTest\index.md
2019-04-10T01:36:07.583Z - info: Rebuilding affected source files
2019-04-10T01:36:07.585Z - info: Rebuilding 1 pages
2019-04-10T01:36:07.733Z - info: Pages rebuilt
2019-04-10T01:36:07.738Z - info: Site data built
2019-04-10T01:36:16.221Z - info: [9:36:16 AM] Reload for file change: C:\Users\acer\Desktop\MarkBindTest\index.md
2019-04-10T01:36:17.226Z - info: Rebuilding affected source files
2019-04-10T01:36:17.227Z - info: Rebuilding 1 pages
2019-04-10T01:36:17.392Z - info: Pages rebuilt
2019-04-10T01:36:17.399Z - info: Site data built
2019-04-10T01:36:27.134Z - info: [9:36:27 AM] Reload for file change: C:\Users\acer\Desktop\MarkBindTest\index.md
2019-04-10T01:36:28.135Z - info: Rebuilding affected source files
2019-04-10T01:36:28.137Z - info: Rebuilding 1 pages
2019-04-10T01:36:28.267Z - info: Pages rebuilt
2019-04-10T01:36:28.272Z - info: Site data built
2019-04-10T02:25:45.358Z - info: [10:25:45 AM] Reload for file change: C:\Users\acer\Desktop\MarkBindTest\index.md
2019-04-10T02:25:46.371Z - info: Rebuilding affected source files
2019-04-10T02:25:46.378Z - info: Rebuilding 1 pages
2019-04-10T02:25:46.496Z - info: Pages rebuilt
2019-04-10T02:25:46.499Z - info: Site data built
2019-04-10T02:25:50.085Z - info: [10:25:50 AM] Reload for file change: C:\Users\acer\Desktop\MarkBindTest\index.md
2019-04-10T02:25:51.088Z - info: Rebuilding affected source files
2019-04-10T02:25:51.089Z - info: Rebuilding 1 pages
2019-04-10T02:25:51.220Z - info: Pages rebuilt
2019-04-10T02:25:51.223Z - info: Site data built
2019-04-10T02:29:06.604Z - info: [10:29:06 AM] Reload for file change: C:\Users\acer\Desktop\MarkBindTest\index.md
2019-04-10T02:29:07.609Z - info: Rebuilding affected source files
2019-04-10T02:29:07.610Z - info: Rebuilding 1 pages
2019-04-10T02:29:07.700Z - info: Pages rebuilt
2019-04-10T02:29:07.704Z - info: Site data built
2019-04-10T02:30:17.344Z - info: [10:30:17 AM] Reload for file change: C:\Users\acer\Desktop\MarkBindTest\index.md
2019-04-10T02:30:18.349Z - info: Rebuilding affected source files
2019-04-10T02:30:18.350Z - info: Rebuilding 1 pages
2019-04-10T02:30:18.483Z - info: Pages rebuilt
2019-04-10T02:30:18.487Z - info: Site data built
2019-04-10T02:34:22.479Z - info: [10:34:22 AM] Reload for file change: C:\Users\acer\Desktop\MarkBindTest\index.md
2019-04-10T02:34:23.484Z - info: Rebuilding affected source files
2019-04-10T02:34:23.485Z - info: Rebuilding 1 pages
2019-04-10T02:34:23.581Z - info: Pages rebuilt
2019-04-10T02:34:23.583Z - info: Site data built
2019-04-10T02:34:40.929Z - info: Deployed!
2019-04-10T02:34:48.711Z - info: Website generation started at 10:34:48 AM
2019-04-10T02:34:48.773Z - info: Building assets...
2019-04-10T02:34:48.814Z - info: Assets built
2019-04-10T02:34:48.814Z - info: Generating pages...
2019-04-10T02:34:49.200Z - info: Pages built
2019-04-10T02:34:49.368Z - info: Website generation complete! Total build time: 0.692s
2019-04-10T02:34:49.397Z - info: Serving "C:\Users\acer\Desktop\MarkBindTest\_site" at http://127.0.0.1:8080
2019-04-10T02:34:49.397Z - info: Press CTRL+C to stop ...
2019-04-10T02:34:49.408Z - info: Site data built
2019-04-10T02:48:14.790Z - info: [10:48:14 AM] Reload for file change: C:\Users\acer\Desktop\MarkBindTest\_markbind\headers\header.md
2019-04-10T02:48:15.801Z - info: Rebuilding affected source files
2019-04-10T02:48:15.807Z - info: Rebuilding 3 pages
2019-04-10T02:48:16.121Z - info: Pages rebuilt
2019-04-10T02:48:16.124Z - info: Site data built
2019-04-10T02:48:35.099Z - info: [10:48:35 AM] Reload for file change: C:\Users\acer\Desktop\MarkBindTest\_markbind\headers\header.md
2019-04-10T02:48:36.101Z - info: Rebuilding affected source files
2019-04-10T02:48:36.104Z - info: Rebuilding 3 pages
2019-04-10T02:48:36.307Z - info: Pages rebuilt
2019-04-10T02:48:36.310Z - info: Site data built
2019-04-10T02:48:47.735Z - info: [10:48:47 AM] Reload for file change: C:\Users\acer\Desktop\MarkBindTest\_markbind\headers\header.md
2019-04-10T02:48:48.740Z - info: Rebuilding affected source files
2019-04-10T02:48:48.742Z - info: Rebuilding 3 pages
2019-04-10T02:48:48.947Z - info: Pages rebuilt
2019-04-10T02:48:48.954Z - info: Site data built
2019-04-10T02:58:38.505Z - info: [10:58:38 AM] Reload for file change: C:\Users\acer\Desktop\MarkBindTest\_markbind\variables.md
2019-04-10T02:58:39.507Z - info: Rebuilding affected source files
2019-04-10T02:58:39.542Z - warn: Rebuilding all pages as variables file was changed, or the --force-reload flag was set
2019-04-10T02:58:39.543Z - info: Rebuilding 4 pages
2019-04-10T02:58:39.738Z - info: Pages rebuilt
2019-04-10T02:58:39.746Z - info: Site data built
2019-04-10T02:58:41.662Z - info: [10:58:41 AM] Reload for file change: C:\Users\acer\Desktop\MarkBindTest\_markbind\variables.md
2019-04-10T02:58:42.667Z - info: Rebuilding affected source files
2019-04-10T02:58:42.694Z - warn: Rebuilding all pages as variables file was changed, or the --force-reload flag was set
2019-04-10T02:58:42.697Z - info: Rebuilding 4 pages
2019-04-10T02:58:42.897Z - info: Pages rebuilt
2019-04-10T02:58:42.900Z - info: Site data built
2019-04-10T02:58:46.459Z - info: [10:58:46 AM] Reload for file change: C:\Users\acer\Desktop\MarkBindTest\_markbind\variables.md
2019-04-10T02:58:47.462Z - info: Rebuilding affected source files
2019-04-10T02:58:47.470Z - warn: Rebuilding all pages as variables file was changed, or the --force-reload flag was set
2019-04-10T02:58:47.472Z - info: Rebuilding 4 pages
2019-04-10T02:58:47.632Z - info: Pages rebuilt
2019-04-10T02:58:47.642Z - info: Site data built
2019-04-10T02:59:01.486Z - info: [10:59:01 AM] Reload for file change: C:\Users\acer\Desktop\MarkBindTest\_markbind\variables.md
2019-04-10T02:59:02.488Z - info: Rebuilding affected source files
2019-04-10T02:59:02.517Z - warn: Rebuilding all pages as variables file was changed, or the --force-reload flag was set
2019-04-10T02:59:02.519Z - info: Rebuilding 4 pages
2019-04-10T02:59:02.681Z - info: Pages rebuilt
2019-04-10T02:59:02.686Z - info: Site data built
2019-04-10T03:01:21.270Z - info: [11:01:21 AM] Reload for file change: C:\Users\acer\Desktop\MarkBindTest\reuse.md
2019-04-10T03:01:22.271Z - info: Rebuilding affected source files
2019-04-10T03:01:22.272Z - info: Rebuilding 1 pages
2019-04-10T03:01:22.344Z - info: Pages rebuilt
2019-04-10T03:01:22.347Z - info: Site data built
2019-04-10T03:03:47.663Z - info: [11:03:47 AM] Reload for file change: C:\Users\acer\Desktop\MarkBindTest\_markbind\headers\header.md
2019-04-10T03:03:48.668Z - info: Rebuilding affected source files
2019-04-10T03:03:48.671Z - info: Rebuilding 3 pages
2019-04-10T03:03:48.840Z - info: Pages rebuilt
2019-04-10T03:03:48.848Z - info: Site data built
2019-04-10T03:03:56.941Z - info: [11:03:56 AM] Reload for file change: C:\Users\acer\Desktop\MarkBindTest\_markbind\headers\header.md
2019-04-10T03:03:57.945Z - info: Rebuilding affected source files
2019-04-10T03:03:57.948Z - info: Rebuilding 3 pages
2019-04-10T03:03:58.158Z - info: Pages rebuilt
2019-04-10T03:03:58.162Z - info: Site data built
2019-04-10T05:27:18.305Z - info: [1:27:18 PM] Reload for file change: C:\Users\acer\Desktop\MarkBindTest\_markbind\headers\header.md
2019-04-10T05:27:19.320Z - info: Rebuilding affected source files
2019-04-10T05:27:19.331Z - info: Rebuilding 3 pages
2019-04-10T05:27:20.087Z - info: Pages rebuilt
2019-04-10T05:27:20.152Z - info: Site data built
2019-04-10T05:27:37.055Z - info: [1:27:37 PM] Reload for file change: C:\Users\acer\Desktop\MarkBindTest\_markbind\headers\header.md
2019-04-10T05:27:38.056Z - info: Rebuilding affected source files
2019-04-10T05:27:38.059Z - info: Rebuilding 3 pages
2019-04-10T05:27:39.016Z - info: Pages rebuilt
2019-04-10T05:27:39.038Z - info: Site data built
2019-04-10T05:28:22.006Z - info: [1:28:22 PM] Reload for file change: C:\Users\acer\Desktop\MarkBindTest\_markbind\navigation\site-nav.md
2019-04-10T05:28:23.007Z - info: Rebuilding affected source files
2019-04-10T05:28:23.009Z - info: Rebuilding 3 pages
2019-04-10T05:28:23.211Z - info: [1:28:23 PM] Reload for file change: C:\Users\acer\Desktop\MarkBindTest\_markbind\navigation\site-nav.md
2019-04-10T05:28:23.632Z - info: Pages rebuilt
2019-04-10T05:28:23.655Z - info: Site data built
2019-04-10T05:28:24.214Z - info: Rebuilding affected source files
2019-04-10T05:28:24.217Z - info: Rebuilding 3 pages
2019-04-10T05:28:25.445Z - info: Pages rebuilt
2019-04-10T05:28:25.483Z - info: Site data built
